c:\users\suzun\desktop\game01\game\game\debug\game.pch
c:\users\suzun\desktop\game01\game\game\debug\vc142.pdb
c:\users\suzun\desktop\game01\game\game\debug\vc142.idb
c:\users\suzun\desktop\game01\game\game\debug\pch.obj
c:\users\suzun\desktop\game01\game\game\debug\scenebase.obj
c:\users\suzun\desktop\game01\game\game\debug\renderer.obj
c:\users\suzun\desktop\game01\game\game\debug\math.obj
c:\users\suzun\desktop\game01\game\game\debug\main.obj
c:\users\suzun\desktop\game01\game\game\debug\inputsystem.obj
c:\users\suzun\desktop\game01\game\game\debug\game.obj
c:\users\suzun\desktop\game01\game\game\debug\fps.obj
c:\users\suzun\desktop\game01\game\debug\game.pdb
c:\users\suzun\desktop\game01\game\game\debug\game.tlog\cl.command.1.tlog
c:\users\suzun\desktop\game01\game\game\debug\game.tlog\cl.read.1.tlog
c:\users\suzun\desktop\game01\game\game\debug\game.tlog\cl.write.1.tlog
c:\users\suzun\desktop\game01\game\game\debug\game.tlog\link-cvtres.read.1.tlog
c:\users\suzun\desktop\game01\game\game\debug\game.tlog\link-cvtres.write.1.tlog
c:\users\suzun\desktop\game01\game\game\debug\game.tlog\link-rc.read.1.tlog
c:\users\suzun\desktop\game01\game\game\debug\game.tlog\link-rc.write.1.tlog
c:\users\suzun\desktop\game01\game\game\debug\game.tlog\link.command.1.tlog
c:\users\suzun\desktop\game01\game\game\debug\game.tlog\link.read.1.tlog
c:\users\suzun\desktop\game01\game\game\debug\game.tlog\link.write.1.tlog
